2016-11-25 21:28:10.600 [main] ERROR c.e.first.controller.OrderController -  ***************获取预约订单失败，错误信息
### Error querying database.  Cause: org.springframework.jdbc.CannotGetJdbcConnectionException: Could not get JDBC Connection; nested exception is java.sql.SQLException: Connections could not be acquired from the underlying database!
### The error may exist in file [D:\work\repository\git\first\target\classes\mapper\OrderDetailDao.xml]
### The error may involve com.extra.first.dao.OrderDetailDao.listOrderDetails
### The error occurred while executing a query
### Cause: org.springframework.jdbc.CannotGetJdbcConnectionException: Could not get JDBC Connection; nested exception is java.sql.SQLException: Connections could not be acquired from the underlying database!
2016-11-25 21:39:02.177 [main] INFO  com.extra.first.util.EncryptUtil -  7c0c4408524f11907a8e7b249e94d2ce
2016-11-25 21:39:02.178 [main] INFO  com.extra.first.util.EncryptUtil -  32-7c0c4408524f11907a8e7b249e94d2ce
2016-11-25 21:42:43.772 [main] INFO  c.e.f.controller.OrderControllerTest -  5
2016-11-25 21:42:50.544 [main] INFO  com.extra.first.dao.OrderDaoTest -  1
2016-11-25 21:42:51.047 [main] INFO  c.extra.first.dao.OrderDetailDaoTest -  *****************************row=1****************************
2016-11-25 21:42:51.391 [main] INFO  c.extra.first.dao.OrderDetailDaoTest -  OrderDetail{id=369, name='test', mobile='12345678890', province='广东', city='深圳', agentName='华强别', agentCode=0, carType='大众', carTypeCode=1, mediaName='360', terminal='pc', createTime=Fri Nov 25 21:42:49 CST 2016}
2016-11-25 21:42:51.392 [main] INFO  c.extra.first.dao.OrderDetailDaoTest -  OrderDetail{id=368, name='张肖', mobile='17839978020', province='河南', city='郑州', agentName='河南德昌汽车销售有限公司   ', agentCode=0, carType='大迈X5-1.5TSUV', carTypeCode=1, mediaName='直接访问', terminal='PC', createTime=Fri Nov 25 20:19:44 CST 2016}
2016-11-25 21:42:51.393 [main] INFO  c.extra.first.dao.OrderDetailDaoTest -  OrderDetail{id=367, name='赵松', mobile='13231530662', province='河北', city='唐山', agentName='唐山庞大精广汽车销售服务有限公司   ', agentCode=0, carType='大迈X5升级版SUV', carTypeCode=3, mediaName='直接访问', terminal='PC', createTime=Fri Nov 25 20:19:07 CST 2016}
2016-11-25 21:42:51.394 [main] INFO  c.extra.first.dao.OrderDetailDaoTest -  OrderDetail{id=366, name='王瑞', mobile='13325477819', province='陕西', city='西安', agentName='陕西新丰源汽车销售有限公司', agentCode=0, carType='大迈X5-1.5TSUV', carTypeCode=1, mediaName='直接访问', terminal='PC', createTime=Fri Nov 25 20:18:31 CST 2016}
2016-11-25 21:42:51.396 [main] INFO  c.extra.first.dao.OrderDetailDaoTest -  OrderDetail{id=365, name='王娇', mobile='13657474909', province='湖南', city='衡阳', agentName='衡阳欧冠汽车贸易有限公司   ', agentCode=0, carType='大迈X5超值版SUV', carTypeCode=2, mediaName='直接访问', terminal='PC', createTime=Fri Nov 25 20:17:17 CST 2016}
2016-11-25 21:42:51.398 [main] INFO  c.extra.first.dao.OrderDetailDaoTest -  OrderDetail{id=364, name='邸梦莎', mobile='15032289847', province='河北', city='保定', agentName='保定兴瑞合汽车贸易服务有限公司', agentCode=0, carType='大迈X5-1.5TSUV', carTypeCode=1, mediaName='直接访问', terminal='PC', createTime=Fri Nov 25 20:16:43 CST 2016}
2016-11-25 21:42:51.400 [main] INFO  c.extra.first.dao.OrderDetailDaoTest -  OrderDetail{id=363, name='刘丹丹', mobile='15779617745', province='江西', city='吉安', agentName='吉安市鑫茂汽车销售有限公司   ', agentCode=0, carType='大迈X5超值版SUV', carTypeCode=2, mediaName='直接访问', terminal='PC', createTime=Fri Nov 25 20:15:38 CST 2016}
2016-11-25 21:42:51.401 [main] INFO  c.extra.first.dao.OrderDetailDaoTest -  OrderDetail{id=362, name='黄心怡', mobile='17765995981', province='广东', city='珠海', agentName='珠海市智铭汽车贸易有限公司', agentCode=0, carType='大迈X5超值版SUV', carTypeCode=2, mediaName='直接访问', terminal='PC', createTime=Fri Nov 25 20:14:55 CST 2016}
2016-11-25 21:42:51.403 [main] INFO  c.extra.first.dao.OrderDetailDaoTest -  OrderDetail{id=361, name='潘丹炯', mobile='13588507243', province='浙江', city='绍兴', agentName='诸暨市赛腾汽车销售有限公司', agentCode=0, carType='大迈X5升级版SUV', carTypeCode=3, mediaName='直接访问', terminal='PC', createTime=Fri Nov 25 20:14:18 CST 2016}
2016-11-25 21:42:51.405 [main] INFO  c.extra.first.dao.OrderDetailDaoTest -  OrderDetail{id=360, name='魏鑫', mobile='13936969579', province='黑龙江', city='大庆', agentName='大庆奥克世博汽车销售服务有限公司   ', agentCode=0, carType='大迈X5超值版SUV', carTypeCode=2, mediaName='直接访问', terminal='PC', createTime=Fri Nov 25 20:13:37 CST 2016}
2016-11-25 21:42:51.866 [main] INFO  com.extra.first.dao.ProvinceDaoTest -  result=1
2016-11-25 21:42:52.697 [main] INFO  com.extra.first.dao.UserDaoTest -  ******************************
2016-11-25 21:42:53.037 [main] INFO  com.extra.first.util.EncryptUtil -  7c0c4408524f11907a8e7b249e94d2ce
2016-11-25 21:42:53.037 [main] INFO  com.extra.first.util.EncryptUtil -  32-7c0c4408524f11907a8e7b249e94d2ce
2016-11-25 21:44:48.409 [main] INFO  c.e.f.controller.OrderControllerTest -  5
2016-11-25 21:44:54.326 [main] INFO  com.extra.first.dao.OrderDaoTest -  1
2016-11-25 21:44:54.731 [main] INFO  c.extra.first.dao.OrderDetailDaoTest -  *****************************row=1****************************
2016-11-25 21:44:54.948 [main] INFO  c.extra.first.dao.OrderDetailDaoTest -  OrderDetail{id=370, name='test', mobile='12345678890', province='广东', city='深圳', agentName='华强别', agentCode=0, carType='大众', carTypeCode=1, mediaName='360', terminal='pc', createTime=Fri Nov 25 21:44:53 CST 2016}
2016-11-25 21:44:54.949 [main] INFO  c.extra.first.dao.OrderDetailDaoTest -  OrderDetail{id=369, name='test', mobile='12345678890', province='广东', city='深圳', agentName='华强别', agentCode=0, carType='大众', carTypeCode=1, mediaName='360', terminal='pc', createTime=Fri Nov 25 21:42:49 CST 2016}
2016-11-25 21:44:54.950 [main] INFO  c.extra.first.dao.OrderDetailDaoTest -  OrderDetail{id=368, name='张肖', mobile='17839978020', province='河南', city='郑州', agentName='河南德昌汽车销售有限公司   ', agentCode=0, carType='大迈X5-1.5TSUV', carTypeCode=1, mediaName='直接访问', terminal='PC', createTime=Fri Nov 25 20:19:44 CST 2016}
2016-11-25 21:44:54.952 [main] INFO  c.extra.first.dao.OrderDetailDaoTest -  OrderDetail{id=367, name='赵松', mobile='13231530662', province='河北', city='唐山', agentName='唐山庞大精广汽车销售服务有限公司   ', agentCode=0, carType='大迈X5升级版SUV', carTypeCode=3, mediaName='直接访问', terminal='PC', createTime=Fri Nov 25 20:19:07 CST 2016}
2016-11-25 21:44:54.954 [main] INFO  c.extra.first.dao.OrderDetailDaoTest -  OrderDetail{id=366, name='王瑞', mobile='13325477819', province='陕西', city='西安', agentName='陕西新丰源汽车销售有限公司', agentCode=0, carType='大迈X5-1.5TSUV', carTypeCode=1, mediaName='直接访问', terminal='PC', createTime=Fri Nov 25 20:18:31 CST 2016}
2016-11-25 21:44:54.957 [main] INFO  c.extra.first.dao.OrderDetailDaoTest -  OrderDetail{id=365, name='王娇', mobile='13657474909', province='湖南', city='衡阳', agentName='衡阳欧冠汽车贸易有限公司   ', agentCode=0, carType='大迈X5超值版SUV', carTypeCode=2, mediaName='直接访问', terminal='PC', createTime=Fri Nov 25 20:17:17 CST 2016}
2016-11-25 21:44:54.960 [main] INFO  c.extra.first.dao.OrderDetailDaoTest -  OrderDetail{id=364, name='邸梦莎', mobile='15032289847', province='河北', city='保定', agentName='保定兴瑞合汽车贸易服务有限公司', agentCode=0, carType='大迈X5-1.5TSUV', carTypeCode=1, mediaName='直接访问', terminal='PC', createTime=Fri Nov 25 20:16:43 CST 2016}
2016-11-25 21:44:54.962 [main] INFO  c.extra.first.dao.OrderDetailDaoTest -  OrderDetail{id=363, name='刘丹丹', mobile='15779617745', province='江西', city='吉安', agentName='吉安市鑫茂汽车销售有限公司   ', agentCode=0, carType='大迈X5超值版SUV', carTypeCode=2, mediaName='直接访问', terminal='PC', createTime=Fri Nov 25 20:15:38 CST 2016}
2016-11-25 21:44:54.964 [main] INFO  c.extra.first.dao.OrderDetailDaoTest -  OrderDetail{id=362, name='黄心怡', mobile='17765995981', province='广东', city='珠海', agentName='珠海市智铭汽车贸易有限公司', agentCode=0, carType='大迈X5超值版SUV', carTypeCode=2, mediaName='直接访问', terminal='PC', createTime=Fri Nov 25 20:14:55 CST 2016}
2016-11-25 21:44:54.967 [main] INFO  c.extra.first.dao.OrderDetailDaoTest -  OrderDetail{id=361, name='潘丹炯', mobile='13588507243', province='浙江', city='绍兴', agentName='诸暨市赛腾汽车销售有限公司', agentCode=0, carType='大迈X5升级版SUV', carTypeCode=3, mediaName='直接访问', terminal='PC', createTime=Fri Nov 25 20:14:18 CST 2016}
2016-11-25 21:44:55.381 [main] INFO  com.extra.first.dao.ProvinceDaoTest -  result=1
2016-11-25 21:44:56.096 [main] INFO  com.extra.first.dao.UserDaoTest -  ******************************
2016-11-25 21:44:56.377 [main] INFO  com.extra.first.util.EncryptUtil -  7c0c4408524f11907a8e7b249e94d2ce
2016-11-25 21:44:56.378 [main] INFO  com.extra.first.util.EncryptUtil -  32-7c0c4408524f11907a8e7b249e94d2ce
2016-11-25 22:06:10.241 [main] INFO  c.e.f.controller.OrderControllerTest -  5
2016-11-25 22:06:15.571 [main] INFO  com.extra.first.dao.OrderDaoTest -  1
2016-11-25 22:06:16.068 [main] INFO  c.extra.first.dao.OrderDetailDaoTest -  *****************************row=1****************************
2016-11-25 22:06:16.307 [main] INFO  c.extra.first.dao.OrderDetailDaoTest -  OrderDetail{id=371, name='test', mobile='12345678890', province='广东', city='深圳', agentName='华强别', agentCode=0, carType='大众', carTypeCode=1, mediaName='360', terminal='pc', createTime=Fri Nov 25 22:06:14 CST 2016}
2016-11-25 22:06:16.308 [main] INFO  c.extra.first.dao.OrderDetailDaoTest -  OrderDetail{id=370, name='test', mobile='12345678890', province='广东', city='深圳', agentName='华强别', agentCode=0, carType='大众', carTypeCode=1, mediaName='360', terminal='pc', createTime=Fri Nov 25 21:44:53 CST 2016}
2016-11-25 22:06:16.309 [main] INFO  c.extra.first.dao.OrderDetailDaoTest -  OrderDetail{id=369, name='test', mobile='12345678890', province='广东', city='深圳', agentName='华强别', agentCode=0, carType='大众', carTypeCode=1, mediaName='360', terminal='pc', createTime=Fri Nov 25 21:42:49 CST 2016}
2016-11-25 22:06:16.310 [main] INFO  c.extra.first.dao.OrderDetailDaoTest -  OrderDetail{id=368, name='张肖', mobile='17839978020', province='河南', city='郑州', agentName='河南德昌汽车销售有限公司   ', agentCode=0, carType='大迈X5-1.5TSUV', carTypeCode=1, mediaName='直接访问', terminal='PC', createTime=Fri Nov 25 20:19:44 CST 2016}
2016-11-25 22:06:16.311 [main] INFO  c.extra.first.dao.OrderDetailDaoTest -  OrderDetail{id=367, name='赵松', mobile='13231530662', province='河北', city='唐山', agentName='唐山庞大精广汽车销售服务有限公司   ', agentCode=0, carType='大迈X5升级版SUV', carTypeCode=3, mediaName='直接访问', terminal='PC', createTime=Fri Nov 25 20:19:07 CST 2016}
2016-11-25 22:06:16.313 [main] INFO  c.extra.first.dao.OrderDetailDaoTest -  OrderDetail{id=366, name='王瑞', mobile='13325477819', province='陕西', city='西安', agentName='陕西新丰源汽车销售有限公司', agentCode=0, carType='大迈X5-1.5TSUV', carTypeCode=1, mediaName='直接访问', terminal='PC', createTime=Fri Nov 25 20:18:31 CST 2016}
2016-11-25 22:06:16.314 [main] INFO  c.extra.first.dao.OrderDetailDaoTest -  OrderDetail{id=365, name='王娇', mobile='13657474909', province='湖南', city='衡阳', agentName='衡阳欧冠汽车贸易有限公司   ', agentCode=0, carType='大迈X5超值版SUV', carTypeCode=2, mediaName='直接访问', terminal='PC', createTime=Fri Nov 25 20:17:17 CST 2016}
2016-11-25 22:06:16.315 [main] INFO  c.extra.first.dao.OrderDetailDaoTest -  OrderDetail{id=364, name='邸梦莎', mobile='15032289847', province='河北', city='保定', agentName='保定兴瑞合汽车贸易服务有限公司', agentCode=0, carType='大迈X5-1.5TSUV', carTypeCode=1, mediaName='直接访问', terminal='PC', createTime=Fri Nov 25 20:16:43 CST 2016}
2016-11-25 22:06:16.316 [main] INFO  c.extra.first.dao.OrderDetailDaoTest -  OrderDetail{id=363, name='刘丹丹', mobile='15779617745', province='江西', city='吉安', agentName='吉安市鑫茂汽车销售有限公司   ', agentCode=0, carType='大迈X5超值版SUV', carTypeCode=2, mediaName='直接访问', terminal='PC', createTime=Fri Nov 25 20:15:38 CST 2016}
2016-11-25 22:06:16.318 [main] INFO  c.extra.first.dao.OrderDetailDaoTest -  OrderDetail{id=362, name='黄心怡', mobile='17765995981', province='广东', city='珠海', agentName='珠海市智铭汽车贸易有限公司', agentCode=0, carType='大迈X5超值版SUV', carTypeCode=2, mediaName='直接访问', terminal='PC', createTime=Fri Nov 25 20:14:55 CST 2016}
2016-11-25 22:06:17.063 [main] INFO  com.extra.first.dao.ProvinceDaoTest -  result=1
2016-11-25 22:06:17.806 [main] INFO  com.extra.first.dao.UserDaoTest -  ******************************
2016-11-25 22:06:18.075 [main] INFO  com.extra.first.util.EncryptUtil -  7c0c4408524f11907a8e7b249e94d2ce
2016-11-25 22:06:18.076 [main] INFO  com.extra.first.util.EncryptUtil -  32-7c0c4408524f11907a8e7b249e94d2ce
2016-11-25 22:15:31.433 [main] INFO  c.e.f.controller.OrderControllerTest -  5
2016-11-25 22:27:07.392 [main] INFO  c.e.f.controller.OrderControllerTest -  5
2016-11-25 22:27:11.106 [main] INFO  com.extra.first.dao.OrderDaoTest -  1
2016-11-25 22:27:11.581 [main] INFO  c.extra.first.dao.OrderDetailDaoTest -  *****************************row=1****************************
2016-11-25 22:27:12.233 [main] INFO  c.extra.first.dao.OrderDetailDaoTest -  OrderDetail{id=379, name='test', mobile='12345678890', province='广东', city='深圳', agentName='华强别', agentCode=0, carType='大众', carTypeCode=1, mediaName='360', terminal='pc', createTime=Fri Nov 25 22:27:09 CST 2016}
2016-11-25 22:27:12.235 [main] INFO  c.extra.first.dao.OrderDetailDaoTest -  OrderDetail{id=378, name='胡贵锋', mobile='15180279715', province='江西', city='赣州', agentName='赣州市众辉汽车销售服务有限公司', agentCode=0, carType='大迈X5升级版SUV', carTypeCode=3, mediaName='直接访问', terminal='PC', createTime=Fri Nov 25 22:26:05 CST 2016}
2016-11-25 22:27:12.236 [main] INFO  c.extra.first.dao.OrderDetailDaoTest -  OrderDetail{id=377, name='林时杰', mobile='13799217661', province='福建', city='宁德', agentName='福建青顺汽车贸易有限公司宁德分公司', agentCode=0, carType='大迈X5超值版SUV', carTypeCode=2, mediaName='直接访问', terminal='PC', createTime=Fri Nov 25 22:25:44 CST 2016}
2016-11-25 22:27:12.238 [main] INFO  c.extra.first.dao.OrderDetailDaoTest -  OrderDetail{id=376, name='蔡振杰', mobile='15738894116', province='河南', city='郑州', agentName='河南德昌汽车销售有限公司   ', agentCode=0, carType='大迈X5-1.5TSUV', carTypeCode=1, mediaName='直接访问', terminal='PC', createTime=Fri Nov 25 22:25:19 CST 2016}
2016-11-25 22:27:12.239 [main] INFO  c.extra.first.dao.OrderDetailDaoTest -  OrderDetail{id=375, name='刘诗浩', mobile='18801281873', province='河北', city='石家庄', agentName='石家庄登达汽车销售服务有限公司', agentCode=0, carType='大迈X5-1.5TSUV', carTypeCode=1, mediaName='直接访问', terminal='PC', createTime=Fri Nov 25 22:24:58 CST 2016}
2016-11-25 22:27:12.241 [main] INFO  c.extra.first.dao.OrderDetailDaoTest -  OrderDetail{id=374, name='黄嘉凯', mobile='13421160303', province='广东', city='揭阳', agentName='揭阳市通九州汽车销售有限公司   ', agentCode=0, carType='大迈X5超值版SUV', carTypeCode=2, mediaName='直接访问', terminal='PC', createTime=Fri Nov 25 22:24:29 CST 2016}
2016-11-25 22:27:12.243 [main] INFO  c.extra.first.dao.OrderDetailDaoTest -  OrderDetail{id=373, name='陈悦辉', mobile='13100787257', province='湖北', city='宜昌', agentName='宜昌凯盛汽车销售服务有限公司', agentCode=0, carType='大迈X5-1.5TSUV', carTypeCode=1, mediaName='直接访问', terminal='PC', createTime=Fri Nov 25 22:24:07 CST 2016}
2016-11-25 22:27:12.244 [main] INFO  c.extra.first.dao.OrderDetailDaoTest -  OrderDetail{id=372, name='龚国庆', mobile='13574470211', province='湖南', city='邵阳', agentName='邵阳市宝康贸易有限公司   ', agentCode=0, carType='大迈X5-1.5TSUV', carTypeCode=1, mediaName='直接访问', terminal='PC', createTime=Fri Nov 25 22:20:43 CST 2016}
2016-11-25 22:27:12.245 [main] INFO  c.extra.first.dao.OrderDetailDaoTest -  OrderDetail{id=371, name='test', mobile='12345678890', province='广东', city='深圳', agentName='华强别', agentCode=0, carType='大众', carTypeCode=1, mediaName='360', terminal='pc', createTime=Fri Nov 25 22:06:14 CST 2016}
2016-11-25 22:27:12.247 [main] INFO  c.extra.first.dao.OrderDetailDaoTest -  OrderDetail{id=370, name='test', mobile='12345678890', province='广东', city='深圳', agentName='华强别', agentCode=0, carType='大众', carTypeCode=1, mediaName='360', terminal='pc', createTime=Fri Nov 25 21:44:53 CST 2016}
2016-11-25 22:27:12.707 [main] INFO  com.extra.first.dao.ProvinceDaoTest -  result=1
2016-11-25 22:27:13.832 [main] INFO  com.extra.first.dao.UserDaoTest -  ******************************
2016-11-25 22:27:14.106 [main] INFO  com.extra.first.util.EncryptUtil -  7c0c4408524f11907a8e7b249e94d2ce
2016-11-25 22:27:14.107 [main] INFO  com.extra.first.util.EncryptUtil -  32-7c0c4408524f11907a8e7b249e94d2ce
2016-11-25 22:32:31.566 [main] INFO  c.e.f.controller.OrderControllerTest -  5
2016-11-25 22:32:40.784 [main] INFO  com.extra.first.dao.OrderDaoTest -  1
2016-11-25 22:32:41.169 [main] INFO  c.extra.first.dao.OrderDetailDaoTest -  *****************************row=1****************************
2016-11-25 22:32:41.383 [main] INFO  c.extra.first.dao.OrderDetailDaoTest -  OrderDetail{id=380, name='test', mobile='12345678890', province='广东', city='深圳', agentName='华强别', agentCode=0, carType='大众', carTypeCode=1, mediaName='360', terminal='pc', createTime=Fri Nov 25 22:32:39 CST 2016}
2016-11-25 22:32:41.384 [main] INFO  c.extra.first.dao.OrderDetailDaoTest -  OrderDetail{id=379, name='test', mobile='12345678890', province='广东', city='深圳', agentName='华强别', agentCode=0, carType='大众', carTypeCode=1, mediaName='360', terminal='pc', createTime=Fri Nov 25 22:27:09 CST 2016}
2016-11-25 22:32:41.384 [main] INFO  c.extra.first.dao.OrderDetailDaoTest -  OrderDetail{id=378, name='胡贵锋', mobile='15180279715', province='江西', city='赣州', agentName='赣州市众辉汽车销售服务有限公司', agentCode=0, carType='大迈X5升级版SUV', carTypeCode=3, mediaName='直接访问', terminal='PC', createTime=Fri Nov 25 22:26:05 CST 2016}
2016-11-25 22:32:41.385 [main] INFO  c.extra.first.dao.OrderDetailDaoTest -  OrderDetail{id=377, name='林时杰', mobile='13799217661', province='福建', city='宁德', agentName='福建青顺汽车贸易有限公司宁德分公司', agentCode=0, carType='大迈X5超值版SUV', carTypeCode=2, mediaName='直接访问', terminal='PC', createTime=Fri Nov 25 22:25:44 CST 2016}
2016-11-25 22:32:41.386 [main] INFO  c.extra.first.dao.OrderDetailDaoTest -  OrderDetail{id=376, name='蔡振杰', mobile='15738894116', province='河南', city='郑州', agentName='河南德昌汽车销售有限公司   ', agentCode=0, carType='大迈X5-1.5TSUV', carTypeCode=1, mediaName='直接访问', terminal='PC', createTime=Fri Nov 25 22:25:19 CST 2016}
2016-11-25 22:32:41.387 [main] INFO  c.extra.first.dao.OrderDetailDaoTest -  OrderDetail{id=375, name='刘诗浩', mobile='18801281873', province='河北', city='石家庄', agentName='石家庄登达汽车销售服务有限公司', agentCode=0, carType='大迈X5-1.5TSUV', carTypeCode=1, mediaName='直接访问', terminal='PC', createTime=Fri Nov 25 22:24:58 CST 2016}
2016-11-25 22:32:41.388 [main] INFO  c.extra.first.dao.OrderDetailDaoTest -  OrderDetail{id=374, name='黄嘉凯', mobile='13421160303', province='广东', city='揭阳', agentName='揭阳市通九州汽车销售有限公司   ', agentCode=0, carType='大迈X5超值版SUV', carTypeCode=2, mediaName='直接访问', terminal='PC', createTime=Fri Nov 25 22:24:29 CST 2016}
2016-11-25 22:32:41.389 [main] INFO  c.extra.first.dao.OrderDetailDaoTest -  OrderDetail{id=373, name='陈悦辉', mobile='13100787257', province='湖北', city='宜昌', agentName='宜昌凯盛汽车销售服务有限公司', agentCode=0, carType='大迈X5-1.5TSUV', carTypeCode=1, mediaName='直接访问', terminal='PC', createTime=Fri Nov 25 22:24:07 CST 2016}
2016-11-25 22:32:41.390 [main] INFO  c.extra.first.dao.OrderDetailDaoTest -  OrderDetail{id=372, name='龚国庆', mobile='13574470211', province='湖南', city='邵阳', agentName='邵阳市宝康贸易有限公司   ', agentCode=0, carType='大迈X5-1.5TSUV', carTypeCode=1, mediaName='直接访问', terminal='PC', createTime=Fri Nov 25 22:20:43 CST 2016}
2016-11-25 22:32:41.390 [main] INFO  c.extra.first.dao.OrderDetailDaoTest -  OrderDetail{id=371, name='test', mobile='12345678890', province='广东', city='深圳', agentName='华强别', agentCode=0, carType='大众', carTypeCode=1, mediaName='360', terminal='pc', createTime=Fri Nov 25 22:06:14 CST 2016}
2016-11-25 22:32:42.200 [main] INFO  com.extra.first.dao.ProvinceDaoTest -  result=1
2016-11-25 22:32:42.932 [main] INFO  com.extra.first.dao.UserDaoTest -  ******************************
2016-11-25 22:32:43.629 [main] INFO  com.extra.first.util.EncryptUtil -  7c0c4408524f11907a8e7b249e94d2ce
2016-11-25 22:32:43.630 [main] INFO  com.extra.first.util.EncryptUtil -  32-7c0c4408524f11907a8e7b249e94d2ce
